This is pdfTeX, Version 3.141592653-2.6-1.40.22 (TeX Live 2021) (preloaded format=pdflatex 2021.5.5)  5 MAY 2021 17:20
entering extended mode
 restricted \write18 enabled.
 %&-line parsing enabled.
**article_bigsimr.tex
(./article_bigsimr.tex
LaTeX2e <2020-10-01> patch level 4
L3 programming layer <2021-02-18> (./jss.cls
Document Class: jss 2020/12/09 3.2 jss class by Achim Zeileis
(/Users/alfred/Library/TinyTeX/texmf-dist/tex/latex/base/article.cls
Document Class: article 2020/04/10 v1.4m Standard LaTeX document class
(/Users/alfred/Library/TinyTeX/texmf-dist/tex/latex/base/size11.clo
File: size11.clo 2020/04/10 v1.4m Standard LaTeX file (size option)
)
\c@part=\count179
\c@section=\count180
\c@subsection=\count181
\c@subsubsection=\count182
\c@paragraph=\count183
\c@subparagraph=\count184
\c@figure=\count185
\c@table=\count186
\abovecaptionskip=\skip47
\belowcaptionskip=\skip48
\bibindent=\dimen138
) (/Users/alfred/Library/TinyTeX/texmf-dist/tex/latex/graphics/graphicx.sty
Package: graphicx 2020/09/09 v1.2b Enhanced LaTeX Graphics (DPC,SPQR)
(/Users/alfred/Library/TinyTeX/texmf-dist/tex/latex/graphics/keyval.sty
Package: keyval 2014/10/28 v1.15 key=value parser (DPC)
\KV@toks@=\toks15
) (/Users/alfred/Library/TinyTeX/texmf-dist/tex/latex/graphics/graphics.sty
Package: graphics 2020/08/30 v1.4c Standard LaTeX Graphics (DPC,SPQR)
(/Users/alfred/Library/TinyTeX/texmf-dist/tex/latex/graphics/trig.sty
Package: trig 2016/01/03 v1.10 sin cos tan (DPC)
) (/Users/alfred/Library/TinyTeX/texmf-dist/tex/latex/graphics-cfg/graphics.cfg
File: graphics.cfg 2016/06/04 v1.11 sample graphics configuration
)
Package graphics Info: Driver file: pdftex.def on input line 105.
(/Users/alfred/Library/TinyTeX/texmf-dist/tex/latex/graphics-def/pdftex.def
File: pdftex.def 2020/10/05 v1.2a Graphics/color driver for pdftex
))
\Gin@req@height=\dimen139
\Gin@req@width=\dimen140
) (/Users/alfred/Library/TinyTeX/texmf-dist/tex/latex/graphics/color.sty
Package: color 2020/02/24 v1.2b Standard LaTeX Color (DPC)
(/Users/alfred/Library/TinyTeX/texmf-dist/tex/latex/graphics-cfg/color.cfg
File: color.cfg 2016/01/02 v1.6 sample color configuration
)
Package color Info: Driver file: pdftex.def on input line 147.
) (/Users/alfred/Library/TinyTeX/texmf-dist/tex/latex/ae/ae.sty
Package: ae 2001/02/12 1.3 Almost European Computer Modern
(/Users/alfred/Library/TinyTeX/texmf-dist/tex/latex/base/fontenc.sty
Package: fontenc 2020/08/10 v2.0s Standard LaTeX package
)) (/Users/alfred/Library/TinyTeX/texmf-dist/tex/latex/fancyvrb/fancyvrb.sty
Package: fancyvrb 2021/01/20 v3.7 verbatim text (tvz,hv)
\FV@CodeLineNo=\count187
\FV@InFile=\read2
\FV@TabBox=\box47
\c@FancyVerbLine=\count188
\FV@StepNumber=\count189
\FV@OutFile=\write3
) (/Users/alfred/Library/TinyTeX/texmf-dist/tex/latex/base/fontenc.sty
Package: fontenc 2020/08/10 v2.0s Standard LaTeX package
LaTeX Font Info:    Trying to load font information for T1+aer on input line 11
2.
(/Users/alfred/Library/TinyTeX/texmf-dist/tex/latex/ae/t1aer.fd
File: t1aer.fd 1997/11/16 Font definitions for T1/aer.
)) (/Users/alfred/Library/TinyTeX/texmf-dist/tex/latex/lm/lmodern.sty
Package: lmodern 2015/05/01 v1.6.1 Latin Modern Fonts
LaTeX Font Info:    Overwriting symbol font `operators' in version `normal'
(Font)                  OT1/cmr/m/n --> OT1/lmr/m/n on input line 22.
LaTeX Font Info:    Overwriting symbol font `letters' in version `normal'
(Font)                  OML/cmm/m/it --> OML/lmm/m/it on input line 23.
LaTeX Font Info:    Overwriting symbol font `symbols' in version `normal'
(Font)                  OMS/cmsy/m/n --> OMS/lmsy/m/n on input line 24.
LaTeX Font Info:    Overwriting symbol font `largesymbols' in version `normal'
(Font)                  OMX/cmex/m/n --> OMX/lmex/m/n on input line 25.
LaTeX Font Info:    Overwriting symbol font `operators' in version `bold'
(Font)                  OT1/cmr/bx/n --> OT1/lmr/bx/n on input line 26.
LaTeX Font Info:    Overwriting symbol font `letters' in version `bold'
(Font)                  OML/cmm/b/it --> OML/lmm/b/it on input line 27.
LaTeX Font Info:    Overwriting symbol font `symbols' in version `bold'
(Font)                  OMS/cmsy/b/n --> OMS/lmsy/b/n on input line 28.
LaTeX Font Info:    Overwriting symbol font `largesymbols' in version `bold'
(Font)                  OMX/cmex/m/n --> OMX/lmex/m/n on input line 29.
LaTeX Font Info:    Overwriting math alphabet `\mathbf' in version `normal'
(Font)                  OT1/cmr/bx/n --> OT1/lmr/bx/n on input line 31.
LaTeX Font Info:    Overwriting math alphabet `\mathsf' in version `normal'
(Font)                  OT1/cmss/m/n --> OT1/lmss/m/n on input line 32.
LaTeX Font Info:    Overwriting math alphabet `\mathit' in version `normal'
(Font)                  OT1/cmr/m/it --> OT1/lmr/m/it on input line 33.
LaTeX Font Info:    Overwriting math alphabet `\mathtt' in version `normal'
(Font)                  OT1/cmtt/m/n --> OT1/lmtt/m/n on input line 34.
LaTeX Font Info:    Overwriting math alphabet `\mathbf' in version `bold'
(Font)                  OT1/cmr/bx/n --> OT1/lmr/bx/n on input line 35.
LaTeX Font Info:    Overwriting math alphabet `\mathsf' in version `bold'
(Font)                  OT1/cmss/bx/n --> OT1/lmss/bx/n on input line 36.
LaTeX Font Info:    Overwriting math alphabet `\mathit' in version `bold'
(Font)                  OT1/cmr/bx/it --> OT1/lmr/bx/it on input line 37.
LaTeX Font Info:    Overwriting math alphabet `\mathtt' in version `bold'
(Font)                  OT1/cmtt/m/n --> OT1/lmtt/m/n on input line 38.
) (/Users/alfred/Library/TinyTeX/texmf-dist/tex/latex/natbib/natbib.sty
Package: natbib 2010/09/13 8.31b (PWD, AO)
\bibhang=\skip49
\bibsep=\skip50
LaTeX Info: Redefining \cite on input line 694.
\c@NAT@ctr=\count190
)
\footerskip=\skip51
(/Users/alfred/Library/TinyTeX/texmf-dist/tex/latex/hyperref/hyperref.sty
Package: hyperref 2021-02-27 v7.00k Hypertext links for LaTeX
(/Users/alfred/Library/TinyTeX/texmf-dist/tex/generic/ltxcmds/ltxcmds.sty
Package: ltxcmds 2020-05-10 v1.25 LaTeX kernel commands for general use (HO)
) (/Users/alfred/Library/TinyTeX/texmf-dist/tex/generic/iftex/iftex.sty
Package: iftex 2020/03/06 v1.0d TeX engine tests
)
(/Users/alfred/Library/TinyTeX/texmf-dist/tex/generic/pdftexcmds/pdftexcmds.sty
Package: pdftexcmds 2020-06-27 v0.33 Utility functions of pdfTeX for LuaTeX (HO
)
(/Users/alfred/Library/TinyTeX/texmf-dist/tex/generic/infwarerr/infwarerr.sty
Package: infwarerr 2019/12/03 v1.5 Providing info/warning/error messages (HO)
)
Package pdftexcmds Info: \pdf@primitive is available.
Package pdftexcmds Info: \pdf@ifprimitive is available.
Package pdftexcmds Info: \pdfdraftmode found.
) (/Users/alfred/Library/TinyTeX/texmf-dist/tex/generic/kvsetkeys/kvsetkeys.sty
Package: kvsetkeys 2019/12/15 v1.18 Key value parser (HO)
)
(/Users/alfred/Library/TinyTeX/texmf-dist/tex/generic/kvdefinekeys/kvdefinekeys
.sty
Package: kvdefinekeys 2019-12-19 v1.6 Define keys (HO)
) (/Users/alfred/Library/TinyTeX/texmf-dist/tex/generic/pdfescape/pdfescape.sty
Package: pdfescape 2019/12/09 v1.15 Implements pdfTeX's escape features (HO)
) (/Users/alfred/Library/TinyTeX/texmf-dist/tex/latex/hycolor/hycolor.sty
Package: hycolor 2020-01-27 v1.10 Color options for hyperref/bookmark (HO)
)
(/Users/alfred/Library/TinyTeX/texmf-dist/tex/latex/letltxmacro/letltxmacro.sty
Package: letltxmacro 2019/12/03 v1.6 Let assignment for LaTeX macros (HO)
) (/Users/alfred/Library/TinyTeX/texmf-dist/tex/latex/auxhook/auxhook.sty
Package: auxhook 2019-12-17 v1.6 Hooks for auxiliary files (HO)
) (/Users/alfred/Library/TinyTeX/texmf-dist/tex/latex/kvoptions/kvoptions.sty
Package: kvoptions 2020-10-07 v3.14 Key value format for package options (HO)
)
\@linkdim=\dimen141
\Hy@linkcounter=\count191
\Hy@pagecounter=\count192
(/Users/alfred/Library/TinyTeX/texmf-dist/tex/latex/hyperref/pd1enc.def
File: pd1enc.def 2021-02-27 v7.00k Hyperref: PDFDocEncoding definition (HO)
Now handling font encoding PD1 ...
... no UTF-8 mapping file for font encoding PD1
)
(/Users/alfred/Library/TinyTeX/texmf-dist/tex/latex/hyperref/hyperref-langpatch
es.def
File: hyperref-langpatches.def 2021-02-27 v7.00k Hyperref: patches for babel la
nguages
) (/Users/alfred/Library/TinyTeX/texmf-dist/tex/generic/intcalc/intcalc.sty
Package: intcalc 2019/12/15 v1.3 Expandable calculations with integers (HO)
) (/Users/alfred/Library/TinyTeX/texmf-dist/tex/generic/etexcmds/etexcmds.sty
Package: etexcmds 2019/12/15 v1.7 Avoid name clashes with e-TeX commands (HO)
)
\Hy@SavedSpaceFactor=\count193
(/Users/alfred/Library/TinyTeX/texmf-dist/tex/latex/hyperref/puenc.def
File: puenc.def 2021-02-27 v7.00k Hyperref: PDF Unicode definition (HO)
Now handling font encoding PU ...
... no UTF-8 mapping file for font encoding PU
)
Package hyperref Info: Hyper figures OFF on input line 4192.
Package hyperref Info: Link nesting OFF on input line 4197.
Package hyperref Info: Hyper index ON on input line 4200.
Package hyperref Info: Plain pages OFF on input line 4207.
Package hyperref Info: Backreferencing OFF on input line 4212.
Package hyperref Info: Implicit mode ON; LaTeX internals redefined.
Package hyperref Info: Bookmarks ON on input line 4445.
\c@Hy@tempcnt=\count194
(/Users/alfred/Library/TinyTeX/texmf-dist/tex/latex/url/url.sty
\Urlmuskip=\muskip16
Package: url 2013/09/16  ver 3.4  Verb mode for urls, etc.
)
LaTeX Info: Redefining \url on input line 4804.
\XeTeXLinkMargin=\dimen142
(/Users/alfred/Library/TinyTeX/texmf-dist/tex/generic/bitset/bitset.sty
Package: bitset 2019/12/09 v1.3 Handle bit-vector datatype (HO)

(/Users/alfred/Library/TinyTeX/texmf-dist/tex/generic/bigintcalc/bigintcalc.sty
Package: bigintcalc 2019/12/15 v1.5 Expandable calculations on big integers (HO
)
))
\Fld@menulength=\count195
\Field@Width=\dimen143
\Fld@charsize=\dimen144
Package hyperref Info: Hyper figures OFF on input line 6075.
Package hyperref Info: Link nesting OFF on input line 6080.
Package hyperref Info: Hyper index ON on input line 6083.
Package hyperref Info: backreferencing OFF on input line 6090.
Package hyperref Info: Link coloring OFF on input line 6095.
Package hyperref Info: Link coloring with OCG OFF on input line 6100.
Package hyperref Info: PDF/A mode OFF on input line 6105.
LaTeX Info: Redefining \ref on input line 6145.
LaTeX Info: Redefining \pageref on input line 6149.
(/Users/alfred/Library/TinyTeX/texmf-dist/tex/latex/base/atbegshi-ltx.sty
Package: atbegshi-ltx 2020/08/17 v1.0a Emulation of the original atbegshi packa
ge
with kernel methods
)
\Hy@abspage=\count196
\c@Item=\count197
\c@Hfootnote=\count198
)
Package hyperref Info: Driver (autodetected): hpdftex.
(/Users/alfred/Library/TinyTeX/texmf-dist/tex/latex/hyperref/hpdftex.def
File: hpdftex.def 2021-02-27 v7.00k Hyperref driver for pdfTeX
(/Users/alfred/Library/TinyTeX/texmf-dist/tex/latex/base/atveryend-ltx.sty
Package: atveryend-ltx 2020/08/19 v1.0a Emulation of the original atvery packag
e
with kernel methods
)
\Fld@listcount=\count199
\c@bookmark@seq@number=\count266

(/Users/alfred/Library/TinyTeX/texmf-dist/tex/latex/rerunfilecheck/rerunfileche
ck.sty
Package: rerunfilecheck 2019/12/05 v1.9 Rerun checks for auxiliary files (HO)

(/Users/alfred/Library/TinyTeX/texmf-dist/tex/generic/uniquecounter/uniquecount
er.sty
Package: uniquecounter 2019/12/15 v1.4 Provide unlimited unique counter (HO)
)
Package uniquecounter Info: New unique counter `rerunfilecheck' on input line 2
86.
)
\Hy@SectionHShift=\skip52
)
\preXLskip=\skip53
\preLskip=\skip54
\preMskip=\skip55
\preSskip=\skip56
\postMskip=\skip57
\postSskip=\skip58

Package hyperref Warning: Option `hyperindex' has already been used,
(hyperref)                setting the option has no effect on input line 447.

Package hyperref Info: Option `colorlinks' set `true' on input line 447.
Package hyperref Info: Option `linktocpage' set `true' on input line 447.
Package hyperref Info: Option `plainpages' set `false' on input line 447.
) (/Users/alfred/Library/TinyTeX/texmf-dist/tex/latex/base/inputenc.sty
Package: inputenc 2020/08/01 v1.3d Input encoding file
\inpenc@prehook=\toks16
\inpenc@posthook=\toks17
) (/Users/alfred/Library/TinyTeX/texmf-dist/tex/latex/amsmath/amsmath.sty
Package: amsmath 2020/09/23 v2.17i AMS math features
\@mathmargin=\skip59
For additional information on amsmath, use the `?' option.
(/Users/alfred/Library/TinyTeX/texmf-dist/tex/latex/amsmath/amstext.sty
Package: amstext 2000/06/29 v2.01 AMS text
(/Users/alfred/Library/TinyTeX/texmf-dist/tex/latex/amsmath/amsgen.sty
File: amsgen.sty 1999/11/30 v2.0 generic functions
\@emptytoks=\toks18
\ex@=\dimen145
)) (/Users/alfred/Library/TinyTeX/texmf-dist/tex/latex/amsmath/amsbsy.sty
Package: amsbsy 1999/11/29 v1.2d Bold Symbols
\pmbraise@=\dimen146
) (/Users/alfred/Library/TinyTeX/texmf-dist/tex/latex/amsmath/amsopn.sty
Package: amsopn 2016/03/08 v2.02 operator names
)
\inf@bad=\count267
LaTeX Info: Redefining \frac on input line 234.
\uproot@=\count268
\leftroot@=\count269
LaTeX Info: Redefining \overline on input line 399.
\classnum@=\count270
\DOTSCASE@=\count271
LaTeX Info: Redefining \ldots on input line 496.
LaTeX Info: Redefining \dots on input line 499.
LaTeX Info: Redefining \cdots on input line 620.
\Mathstrutbox@=\box48
\strutbox@=\box49
\big@size=\dimen147
LaTeX Font Info:    Redeclaring font encoding OML on input line 743.
LaTeX Font Info:    Redeclaring font encoding OMS on input line 744.
\macc@depth=\count272
\c@MaxMatrixCols=\count273
\dotsspace@=\muskip17
\c@parentequation=\count274
\dspbrk@lvl=\count275
\tag@help=\toks19
\row@=\count276
\column@=\count277
\maxfields@=\count278
\andhelp@=\toks20
\eqnshift@=\dimen148
\alignsep@=\dimen149
\tagshift@=\dimen150
\tagwidth@=\dimen151
\totwidth@=\dimen152
\lineht@=\dimen153
\@envbody=\toks21
\multlinegap=\skip60
\multlinetaggap=\skip61
\mathdisplay@stack=\toks22
LaTeX Info: Redefining \[ on input line 2923.
LaTeX Info: Redefining \] on input line 2924.
) (/Users/alfred/Library/TinyTeX/texmf-dist/tex/latex/amsfonts/amssymb.sty
Package: amssymb 2013/01/14 v3.01 AMS font symbols
(/Users/alfred/Library/TinyTeX/texmf-dist/tex/latex/amsfonts/amsfonts.sty
Package: amsfonts 2013/01/14 v3.01 Basic AMSFonts support
\symAMSa=\mathgroup4
\symAMSb=\mathgroup5
LaTeX Font Info:    Redeclaring math symbol \hbar on input line 98.
LaTeX Font Info:    Overwriting math alphabet `\mathfrak' in version `bold'
(Font)                  U/euf/m/n --> U/euf/b/n on input line 106.
)) (/Users/alfred/Library/TinyTeX/texmf-dist/tex/latex/amscls/amsthm.sty
Package: amsthm 2020/05/29 v2.20.6
\thm@style=\toks23
\thm@bodyfont=\toks24
\thm@headfont=\toks25
\thm@notefont=\toks26
\thm@headpunct=\toks27
\thm@preskip=\skip62
\thm@postskip=\skip63
\thm@headsep=\skip64
\dth@everypar=\toks28
)
\c@theorem=\count279
(/Users/alfred/Library/TinyTeX/texmf-dist/tex/latex/booktabs/booktabs.sty
Package: booktabs 2020/01/12 v1.61803398 Publication quality tables
\heavyrulewidth=\dimen154
\lightrulewidth=\dimen155
\cmidrulewidth=\dimen156
\belowrulesep=\dimen157
\belowbottomsep=\dimen158
\aboverulesep=\dimen159
\abovetopsep=\dimen160
\cmidrulesep=\dimen161
\cmidrulekern=\dimen162
\defaultaddspace=\dimen163
\@cmidla=\count280
\@cmidlb=\count281
\@aboverulesep=\dimen164
\@belowrulesep=\dimen165
\@thisruleclass=\count282
\@lastruleclass=\count283
\@thisrulewidth=\dimen166
) (/Users/alfred/Library/TinyTeX/texmf-dist/tex/latex/tools/longtable.sty
Package: longtable 2020/01/07 v4.13 Multi-page Table package (DPC)
\LTleft=\skip65
\LTright=\skip66
\LTpre=\skip67
\LTpost=\skip68
\LTchunksize=\count284
\LTcapwidth=\dimen167
\LT@head=\box50
\LT@firsthead=\box51
\LT@foot=\box52
\LT@lastfoot=\box53
\LT@cols=\count285
\LT@rows=\count286
\c@LT@tables=\count287
\c@LT@chunks=\count288
\LT@p@ftn=\toks29
) (/Users/alfred/Library/TinyTeX/texmf-dist/tex/latex/tools/array.sty
Package: array 2020/10/01 v2.5c Tabular extension package (FMi)
\col@sep=\dimen168
\ar@mcellbox=\box54
\extrarowheight=\dimen169
\NC@list=\toks30
\extratabsurround=\skip69
\backup@length=\skip70
\ar@cellbox=\box55
) (/Users/alfred/Library/TinyTeX/texmf-dist/tex/latex/ragged2e/ragged2e.sty
Package: ragged2e 2021/02/05 v3.0 ragged2e Package
(/Users/alfred/Library/TinyTeX/texmf-dist/tex/latex/everysel/everysel.sty
Package: everysel 2021/01/20 v2.1 EverySelectfont Package (MS)

(/Users/alfred/Library/TinyTeX/texmf-dist/tex/latex/everysel/everysel-2011-10-2
8.sty))
\CenteringLeftskip=\skip71
\RaggedLeftLeftskip=\skip72
\RaggedRightLeftskip=\skip73
\CenteringRightskip=\skip74
\RaggedLeftRightskip=\skip75
\RaggedRightRightskip=\skip76
\CenteringParfillskip=\skip77
\RaggedLeftParfillskip=\skip78
\RaggedRightParfillskip=\skip79
\JustifyingParfillskip=\skip80
\CenteringParindent=\skip81
\RaggedLeftParindent=\skip82
\RaggedRightParindent=\skip83
\JustifyingParindent=\skip84
) (/Users/alfred/Library/TinyTeX/texmf-dist/tex/latex/setspace/setspace.sty
Package: setspace 2011/12/19 v6.7a set line spacing
)
LaTeX Font Info:    Trying to load font information for T1+lmr on input line 79
.
(/Users/alfred/Library/TinyTeX/texmf-dist/tex/latex/lm/t1lmr.fd
File: t1lmr.fd 2015/05/01 v1.6.1 Font defs for Latin Modern
)
(/Users/alfred/Library/TinyTeX/texmf-dist/tex/latex/l3backend/l3backend-pdftex.
def
File: l3backend-pdftex.def 2021-03-18 L3 backend support: PDF output (pdfTeX)
\l__color_backend_stack_int=\count289
\l__pdf_internal_box=\box56
) (./article_bigsimr.aux)
\openout1 = `article_bigsimr.aux'.

LaTeX Font Info:    Checking defaults for OML/cmm/m/it on input line 79.
LaTeX Font Info:    ... okay on input line 79.
LaTeX Font Info:    Checking defaults for OMS/cmsy/m/n on input line 79.
LaTeX Font Info:    ... okay on input line 79.
LaTeX Font Info:    Checking defaults for OT1/cmr/m/n on input line 79.
LaTeX Font Info:    ... okay on input line 79.
LaTeX Font Info:    Checking defaults for T1/cmr/m/n on input line 79.
LaTeX Font Info:    ... okay on input line 79.
LaTeX Font Info:    Checking defaults for TS1/cmr/m/n on input line 79.
LaTeX Font Info:    ... okay on input line 79.
LaTeX Font Info:    Checking defaults for OMX/cmex/m/n on input line 79.
LaTeX Font Info:    ... okay on input line 79.
LaTeX Font Info:    Checking defaults for U/cmr/m/n on input line 79.
LaTeX Font Info:    ... okay on input line 79.
LaTeX Font Info:    Checking defaults for PD1/pdf/m/n on input line 79.
LaTeX Font Info:    ... okay on input line 79.
LaTeX Font Info:    Checking defaults for PU/pdf/m/n on input line 79.
LaTeX Font Info:    ... okay on input line 79.

(/Users/alfred/Library/TinyTeX/texmf-dist/tex/latex/epstopdf-pkg/epstopdf-base.
sty
Package: epstopdf-base 2020-01-24 v2.11 Base part for package epstopdf
Package epstopdf-base Info: Redefining graphics rule for `.eps' on input line 4
85.

(/Users/alfred/Library/TinyTeX/texmf-dist/tex/latex/latexconfig/epstopdf-sys.cf
g
File: epstopdf-sys.cfg 2010/07/13 v1.3 Configuration of (r)epstopdf for TeX Liv
e
))
Package hyperref Info: Link coloring ON on input line 79.
(/Users/alfred/Library/TinyTeX/texmf-dist/tex/latex/hyperref/nameref.sty
Package: nameref 2021-04-02 v2.47 Cross-referencing by name of section
(/Users/alfred/Library/TinyTeX/texmf-dist/tex/latex/refcount/refcount.sty
Package: refcount 2019/12/15 v3.6 Data extraction from label references (HO)
)
(/Users/alfred/Library/TinyTeX/texmf-dist/tex/generic/gettitlestring/gettitlest
ring.sty
Package: gettitlestring 2019/12/15 v1.6 Cleanup title references (HO)
)
\c@section@level=\count290
)
LaTeX Info: Redefining \ref on input line 79.
LaTeX Info: Redefining \pageref on input line 79.
LaTeX Info: Redefining \nameref on input line 79.
(./article_bigsimr.out) (./article_bigsimr.out)
\@outlinefile=\write4
\openout4 = `article_bigsimr.out'.

<jsslogo.jpg, id=112, 540.0175pt x 393.47pt>
File: jsslogo.jpg Graphic file (type jpg)
<use jsslogo.jpg>
Package pdftex.def Info: jsslogo.jpg  used on input line 79.
(pdftex.def)             Requested size: 89.80768pt x 65.43607pt.
LaTeX Font Info:    Trying to load font information for T1+pzc on input line 79
.
(/Users/alfred/Library/TinyTeX/texmf-dist/tex/latex/psnfss/t1pzc.fd
File: t1pzc.fd 2020/03/25 font definitions for T1/pzc.
)
LaTeX Font Info:    Font shape `T1/pzc/m/n' in size <28> not available
(Font)              Font shape `T1/pzc/m/it' tried instead on input line 79.
LaTeX Font Info:    Trying to load font information for OT1+lmr on input line 7
9.
(/Users/alfred/Library/TinyTeX/texmf-dist/tex/latex/lm/ot1lmr.fd
File: ot1lmr.fd 2015/05/01 v1.6.1 Font defs for Latin Modern
)
LaTeX Font Info:    Trying to load font information for OML+lmm on input line 7
9.
(/Users/alfred/Library/TinyTeX/texmf-dist/tex/latex/lm/omllmm.fd
File: omllmm.fd 2015/05/01 v1.6.1 Font defs for Latin Modern
)
LaTeX Font Info:    Trying to load font information for OMS+lmsy on input line 
79.
(/Users/alfred/Library/TinyTeX/texmf-dist/tex/latex/lm/omslmsy.fd
File: omslmsy.fd 2015/05/01 v1.6.1 Font defs for Latin Modern
)
LaTeX Font Info:    Trying to load font information for OMX+lmex on input line 
79.
(/Users/alfred/Library/TinyTeX/texmf-dist/tex/latex/lm/omxlmex.fd
File: omxlmex.fd 2015/05/01 v1.6.1 Font defs for Latin Modern
)
LaTeX Font Info:    External font `lmex10' loaded for size
(Font)              <10.95> on input line 79.
LaTeX Font Info:    External font `lmex10' loaded for size
(Font)              <8> on input line 79.
LaTeX Font Info:    External font `lmex10' loaded for size
(Font)              <6> on input line 79.
LaTeX Font Info:    Trying to load font information for U+msa on input line 79.

(/Users/alfred/Library/TinyTeX/texmf-dist/tex/latex/amsfonts/umsa.fd
File: umsa.fd 2013/01/14 v3.01 AMS symbols A
)
LaTeX Font Info:    Trying to load font information for U+msb on input line 79.

(/Users/alfred/Library/TinyTeX/texmf-dist/tex/latex/amsfonts/umsb.fd
File: umsb.fd 2013/01/14 v3.01 AMS symbols B
)
LaTeX Font Info:    External font `lmex10' loaded for size
(Font)              <10> on input line 79.
LaTeX Font Info:    External font `lmex10' loaded for size
(Font)              <7> on input line 79.
LaTeX Font Info:    External font `lmex10' loaded for size
(Font)              <5> on input line 79.
ABD: EverySelectfont initializing macros
LaTeX Info: Redefining \selectfont on input line 79.
[1

{/Users/alfred/Library/TinyTeX/texmf-var/fonts/map/pdftex/updmap/pdftex.map} <.
/jsslogo.jpg>]
Underfull \vbox (badness 10000) has occurred while \output is active []


Overfull \hbox (5.47499pt too wide) has occurred while \output is active
\T1/lmr/m/n/10.95 2 []
 []

[2]
LaTeX Font Info:    Trying to load font information for T1+lmtt on input line 1
38.
(/Users/alfred/Library/TinyTeX/texmf-dist/tex/latex/lm/t1lmtt.fd
File: t1lmtt.fd 2015/05/01 v1.6.1 Font defs for Latin Modern
)
Underfull \vbox (badness 10000) has occurred while \output is active []


Overfull \hbox (5.47499pt too wide) has occurred while \output is active
[] \T1/lmr/m/n/10.95 3
 []

[3]
LaTeX Font Info:    Trying to load font information for TS1+lmr on input line 1
85.
(/Users/alfred/Library/TinyTeX/texmf-dist/tex/latex/lm/ts1lmr.fd
File: ts1lmr.fd 2015/05/01 v1.6.1 Font defs for Latin Modern
)
Overfull \hbox (5.47499pt too wide) has occurred while \output is active
\T1/lmr/m/n/10.95 4 []
 []

[4]
Overfull \hbox (5.47499pt too wide) has occurred while \output is active
[] \T1/lmr/m/n/10.95 5
 []

[5]
<article_bigsimr_files/figure-latex/ch010-realDataFig-1.pdf, id=218, 578.16pt x
 356.33125pt>
File: article_bigsimr_files/figure-latex/ch010-realDataFig-1.pdf Graphic file (
type pdf)
<use article_bigsimr_files/figure-latex/ch010-realDataFig-1.pdf>
Package pdftex.def Info: article_bigsimr_files/figure-latex/ch010-realDataFig-1
.pdf  used on input line 269.
(pdftex.def)             Requested size: 376.25838pt x 231.8953pt.

Underfull \vbox (badness 3128) has occurred while \output is active []


Overfull \hbox (5.47499pt too wide) has occurred while \output is active
\T1/lmr/m/n/10.95 6 []
 []

[6]
Overfull \hbox (5.47499pt too wide) has occurred while \output is active
[] \T1/lmr/m/n/10.95 7
 []

[7 <./article_bigsimr_files/figure-latex/ch010-realDataFig-1.pdf>]
Overfull \hbox (5.47499pt too wide) has occurred while \output is active
\T1/lmr/m/n/10.95 8 []
 []

[8]
Overfull \hbox (5.47499pt too wide) has occurred while \output is active
[] \T1/lmr/m/n/10.95 9
 []

[9]
Underfull \vbox (badness 4608) has occurred while \output is active []


Overfull \hbox (10.94998pt too wide) has occurred while \output is active
\T1/lmr/m/n/10.95 10 []
 []

[10]
Overfull \hbox (10.94998pt too wide) has occurred while \output is active
[] \T1/lmr/m/n/10.95 11
 []

[11]
Underfull \vbox (badness 10000) has occurred while \output is active []


Overfull \hbox (10.94998pt too wide) has occurred while \output is active
\T1/lmr/m/n/10.95 12 []
 []

[12]
Overfull \hbox (10.94998pt too wide) has occurred while \output is active
[] \T1/lmr/m/n/10.95 13
 []

[13]
Underfull \vbox (badness 10000) has occurred while \output is active []


Overfull \hbox (10.94998pt too wide) has occurred while \output is active
\T1/lmr/m/n/10.95 14 []
 []

[14]
Overfull \hbox (10.85672pt too wide) in paragraph at lines 676--682
[]\T1/lmr/m/n/10.95 For non-para-met-ric cor-re-la-tion mea-sures, our al-go-ri
thm al-lows the gen-er-a-tion of high-dimensional
 []


Underfull \vbox (badness 10000) has occurred while \output is active []


Overfull \hbox (10.94998pt too wide) has occurred while \output is active
[] \T1/lmr/m/n/10.95 15
 []

[15]
Overfull \hbox (13.74979pt too wide) in paragraph at lines 719--732
\T1/lmtt/m/n/10.95 bigsimr R \T1/lmr/m/n/10.95 pack-age ([][]$\T1/lmtt/m/n/10.9
5 https : / / github . com / SchisslerGroup / r-[]bigsimr$[][]\T1/lmr/m/n/10.95
 ). The pack-age \T1/lmtt/m/n/10.95 bigsimr
 []


Underfull \vbox (badness 1286) has occurred while \output is active []


Overfull \hbox (10.94998pt too wide) has occurred while \output is active
\T1/lmr/m/n/10.95 16 []
 []

[16]
Overfull \hbox (10.94998pt too wide) has occurred while \output is active
[] \T1/lmr/m/n/10.95 17
 []

[17]
<article_bigsimr_files/figure-latex/ch030-aq-joint-dist-1.pdf, id=378, 578.16pt
 x 356.33125pt>
File: article_bigsimr_files/figure-latex/ch030-aq-joint-dist-1.pdf Graphic file
 (type pdf)
<use article_bigsimr_files/figure-latex/ch030-aq-joint-dist-1.pdf>
Package pdftex.def Info: article_bigsimr_files/figure-latex/ch030-aq-joint-dist
-1.pdf  used on input line 793.
(pdftex.def)             Requested size: 376.25838pt x 231.8953pt.

Underfull \vbox (badness 1360) has occurred while \output is active []


Overfull \hbox (10.94998pt too wide) has occurred while \output is active
\T1/lmr/m/n/10.95 18 []
 []

[18 <./article_bigsimr_files/figure-latex/ch030-aq-joint-dist-1.pdf>]
Overfull \hbox (10.94998pt too wide) has occurred while \output is active
[] \T1/lmr/m/n/10.95 19
 []

[19]
Overfull \hbox (10.94998pt too wide) has occurred while \output is active
\T1/lmr/m/n/10.95 20 []
 []

[20]
Overfull \hbox (10.94998pt too wide) has occurred while \output is active
[] \T1/lmr/m/n/10.95 21
 []

[21]
<article_bigsimr_files/figure-latex/ch030-plot-sim-1.pdf, id=419, 469.755pt x 2
90.08376pt>
File: article_bigsimr_files/figure-latex/ch030-plot-sim-1.pdf Graphic file (typ
e pdf)
<use article_bigsimr_files/figure-latex/ch030-plot-sim-1.pdf>
Package pdftex.def Info: article_bigsimr_files/figure-latex/ch030-plot-sim-1.pd
f  used on input line 979.
(pdftex.def)             Requested size: 376.25838pt x 232.34616pt.

Overfull \hbox (10.94998pt too wide) has occurred while \output is active
\T1/lmr/m/n/10.95 22 []
 []

[22]
Underfull \vbox (badness 10000) has occurred while \output is active []


Overfull \hbox (10.94998pt too wide) has occurred while \output is active
[] \T1/lmr/m/n/10.95 23
 []

[23 <./article_bigsimr_files/figure-latex/ch030-plot-sim-1.pdf>]

LaTeX Warning: No positions in optional float specifier.
               Default added (so using `tbp') on input line 1033.


Overfull \hbox (6.10406pt too wide) in paragraph at lines 1034--1041
[][] 
 []


Overfull \hbox (45.00706pt too wide) in paragraph at lines 1053--1057
[]\T1/lmr/m/n/10.95 Figure @ref(fig:ch040-bPlot) dis-plays the ag-gre-gated bi-
vari-ate sim-u-la-tion re-sults. Ta-ble @ref(tab:ch040-
 []


Underfull \vbox (badness 4699) has occurred while \output is active []


Overfull \hbox (10.94998pt too wide) has occurred while \output is active
\T1/lmr/m/n/10.95 24 []
 []

[24]
<article_bigsimr_files/figure-latex/ch040-bPlot-1.pdf, id=448, 469.755pt x 610.
28pt>
File: article_bigsimr_files/figure-latex/ch040-bPlot-1.pdf Graphic file (type p
df)
<use article_bigsimr_files/figure-latex/ch040-bPlot-1.pdf>
Package pdftex.def Info: article_bigsimr_files/figure-latex/ch040-bPlot-1.pdf  
used on input line 1119.
(pdftex.def)             Requested size: 376.25838pt x 488.81133pt.

Overfull \hbox (15.08934pt too wide) in paragraph at lines 1131--1138
\OMS/lmsy/m/n/10.95 f\OT1/lmr/m/n/10.95 100\OML/lmm/m/it/10.95 ; \OT1/lmr/m/n/1
0.95 250\OML/lmm/m/it/10.95 ; \OT1/lmr/m/n/10.95 500\OML/lmm/m/it/10.95 ; \OT1/
lmr/m/n/10.95 1000\OML/lmm/m/it/10.95 ; \OT1/lmr/m/n/10.95 2500\OML/lmm/m/it/10
.95 ; \OT1/lmr/m/n/10.95 5000\OML/lmm/m/it/10.95 ; \OT1/lmr/m/n/10.95 10000\OMS
/lmsy/m/n/10.95 g$ \T1/lmr/m/n/10.95 for each cor-re-la-tion type, $\OMS/lmsy/m
/n/10.95 f\OML/lmm/m/it/10.95 Pearson; Spearman; Kendall\OMS/lmsy/m/n/10.95 g$
 []


Overfull \hbox (10.94998pt too wide) has occurred while \output is active
[] \T1/lmr/m/n/10.95 25
 []

[25]
Overfull \hbox (10.94998pt too wide) has occurred while \output is active
\T1/lmr/m/n/10.95 26 []
 []

[26]
Overfull \hbox (10.94998pt too wide) has occurred while \output is active
[] \T1/lmr/m/n/10.95 27
 []

[27 <./article_bigsimr_files/figure-latex/ch040-bPlot-1.pdf>]
Overfull \hbox (2.66646pt too wide) in paragraph at lines 1216--1235
\T1/lmr/m/n/10.95 three cor-re-la-tion types, al-though the to-tal times do be-
come much larger. Fig-ure @ref(fig:ch040-
 []

<article_bigsimr_files/figure-latex/ch040-largeDfig-1.pdf, id=474, 469.755pt x 
290.08376pt>
File: article_bigsimr_files/figure-latex/ch040-largeDfig-1.pdf Graphic file (ty
pe pdf)
<use article_bigsimr_files/figure-latex/ch040-largeDfig-1.pdf>
Package pdftex.def Info: article_bigsimr_files/figure-latex/ch040-largeDfig-1.p
df  used on input line 1239.
(pdftex.def)             Requested size: 376.25838pt x 232.34616pt.

Overfull \hbox (10.94998pt too wide) has occurred while \output is active
\T1/lmr/m/n/10.95 28 []
 []

[28]
Underfull \vbox (badness 3557) has occurred while \output is active []


Overfull \hbox (10.94998pt too wide) has occurred while \output is active
[] \T1/lmr/m/n/10.95 29
 []

[29 <./article_bigsimr_files/figure-latex/ch040-largeDfig-1.pdf>]
Overfull \hbox (10.94998pt too wide) has occurred while \output is active
\T1/lmr/m/n/10.95 30 []
 []

[30]
Overfull \hbox (10.94998pt too wide) has occurred while \output is active
[] \T1/lmr/m/n/10.95 31
 []

[31]
<article_bigsimr_files/figure-latex/ch050-simDataFig-1.pdf, id=521, 469.755pt x
 290.08376pt>
File: article_bigsimr_files/figure-latex/ch050-simDataFig-1.pdf Graphic file (t
ype pdf)
<use article_bigsimr_files/figure-latex/ch050-simDataFig-1.pdf>
Package pdftex.def Info: article_bigsimr_files/figure-latex/ch050-simDataFig-1.
pdf  used on input line 1412.
(pdftex.def)             Requested size: 376.25838pt x 232.34616pt.
<fig/ch050-figBRCA.png, id=522, 578.16pt x 289.08pt>
File: fig/ch050-figBRCA.png Graphic file (type png)
<use fig/ch050-figBRCA.png>
Package pdftex.def Info: fig/ch050-figBRCA.png  used on input line 1423.
(pdftex.def)             Requested size: 354.12434pt x 177.06194pt.

Overfull \hbox (10.94998pt too wide) has occurred while \output is active
\T1/lmr/m/n/10.95 32 []
 []

[32]
Overfull \hbox (10.94998pt too wide) has occurred while \output is active
[] \T1/lmr/m/n/10.95 33
 []

[33 <./article_bigsimr_files/figure-latex/ch050-simDataFig-1.pdf> <./fig/ch050-
figBRCA.png (PNG copy)>]
Overfull \hbox (10.94998pt too wide) has occurred while \output is active
\T1/lmr/m/n/10.95 34 []
 []

[34]
Overfull \hbox (10.94998pt too wide) has occurred while \output is active
[] \T1/lmr/m/n/10.95 35
 []

[35]
Overfull \hbox (10.94998pt too wide) has occurred while \output is active
\T1/lmr/m/n/10.95 36 []
 []

[36]
Overfull \hbox (19.46587pt too wide) in paragraph at lines 1587--1596
\T1/lmr/m/n/10.95 vide R and Python in-ter-faces to \T1/lmtt/m/n/10.95 Bigsimr\
T1/lmr/m/n/10.95 , re-spec-tively at [][]$\T1/lmtt/m/n/10.95 https : / / github
 . com / SchisslerGroup /
 []

<images/hex-bigsimr.png, id=578, 120.45pt x 120.45pt>
File: images/hex-bigsimr.png Graphic file (type png)
<use images/hex-bigsimr.png>
Package pdftex.def Info: images/hex-bigsimr.png  used on input line 1600.
(pdftex.def)             Requested size: 22.13403pt x 22.13402pt.

Overfull \hbox (10.94998pt too wide) has occurred while \output is active
[] \T1/lmr/m/n/10.95 37
 []

[37 <./images/hex-bigsimr.png>]
Overfull \hbox (10.94998pt too wide) has occurred while \output is active
\T1/lmr/m/n/10.95 38 []
 []

[38]
Overfull \hbox (2.6103pt too wide) in paragraph at lines 1713--1714
[][]\T1/lmr/bx/n/10.95 Lemma 1. []\T1/lmr/m/it/10.95 Let $\OT1/lmr/bx/n/10.95 Y
 \OT1/lmr/m/n/10.95 = (\OML/lmm/m/it/10.95 Y[]; Y[]\OT1/lmr/m/n/10.95 )[]$ \T1/
lmr/m/it/10.95 ad-mit the stochas-tic rep-re-sen-ta-tion ([][]9[][]), where $\O
T1/lmr/bx/n/10.95 X \OT1/lmr/m/n/10.95 = (\OML/lmm/m/it/10.95 X[]; X[]\OT1/lmr/
m/n/10.95 )[] \OMS/lmsy/m/n/10.95 ^^X
 []


Overfull \hbox (10.94998pt too wide) has occurred while \output is active
[] \T1/lmr/m/n/10.95 39
 []

[39]
Overfull \hbox (10.94998pt too wide) has occurred while \output is active
\T1/lmr/m/n/10.95 40 []
 []

[40] (./article_bigsimr.bbl
Overfull \hbox (10.94998pt too wide) has occurred while \output is active
[] \T1/lmr/m/n/10.95 41
 []

[41]
Overfull \hbox (10.94998pt too wide) has occurred while \output is active
\T1/lmr/m/n/10.95 42 []
 []

[42]
Overfull \hbox (10.94998pt too wide) has occurred while \output is active
[] \T1/lmr/m/n/10.95 43
 []

[43])
Underfull \hbox (badness 10000) in paragraph at lines 1853--1853

 []

LaTeX Font Info:    Font shape `T1/pzc/m/n' in size <13> not available
(Font)              Font shape `T1/pzc/m/it' tried instead on input line 1853.

Overfull \hbox (10.94998pt too wide) has occurred while \output is active
\T1/lmr/m/n/10.95 44 []
 []

[44] (./article_bigsimr.aux)
Package rerunfilecheck Info: File `article_bigsimr.out' has not changed.
(rerunfilecheck)             Checksum: C50DEECE36E83162C7C20C150E6344EA;6090.
 ) 
Here is how much of TeX's memory you used:
 10914 strings out of 480954
 162475 string characters out of 5906622
 455616 words of memory out of 5000000
 27695 multiletter control sequences out of 15000+600000
 499845 words of font info for 94 fonts, out of 8000000 for 9000
 14 hyphenation exceptions out of 8191
 86i,10n,88p,681b,513s stack positions out of 5000i,500n,10000p,200000b,80000s
{/Users/alfred/Library/TinyTeX/texmf-dist/fonts/enc/dvips/lm/lm-mathit.enc}{/
Users/alfred/Library/TinyTeX/texmf-dist/fonts/enc/dvips/lm/lm-mathsy.enc}{/User
s/alfred/Library/TinyTeX/texmf-dist/fonts/enc/dvips/lm/lm-rm.enc}{/Users/alfred
/Library/TinyTeX/texmf-dist/fonts/enc/dvips/lm/lm-ec.enc}{/Users/alfred/Library
/TinyTeX/texmf-dist/fonts/enc/dvips/lm/lm-mathex.enc}{/Users/alfred/Library/Tin
yTeX/texmf-dist/fonts/enc/dvips/lm/lm-ts1.enc}{/Users/alfred/Library/TinyTeX/te
xmf-dist/fonts/enc/dvips/base/8r.enc}</Users/alfred/Library/TinyTeX/texmf-dist/
fonts/type1/public/lm/lmb10.pfb></Users/alfred/Library/TinyTeX/texmf-dist/fonts
/type1/public/lm/lmbo10.pfb></Users/alfred/Library/TinyTeX/texmf-dist/fonts/typ
e1/public/lm/lmbx10.pfb></Users/alfred/Library/TinyTeX/texmf-dist/fonts/type1/p
ublic/lm/lmbx12.pfb></Users/alfred/Library/TinyTeX/texmf-dist/fonts/type1/publi
c/lm/lmbx8.pfb></Users/alfred/Library/TinyTeX/texmf-dist/fonts/type1/public/lm/
lmex10.pfb></Users/alfred/Library/TinyTeX/texmf-dist/fonts/type1/public/lm/lmmi
10.pfb></Users/alfred/Library/TinyTeX/texmf-dist/fonts/type1/public/lm/lmmi6.pf
b></Users/alfred/Library/TinyTeX/texmf-dist/fonts/type1/public/lm/lmmi8.pfb></U
sers/alfred/Library/TinyTeX/texmf-dist/fonts/type1/public/lm/lmmib10.pfb></User
s/alfred/Library/TinyTeX/texmf-dist/fonts/type1/public/lm/lmr10.pfb></Users/alf
red/Library/TinyTeX/texmf-dist/fonts/type1/public/lm/lmr6.pfb></Users/alfred/Li
brary/TinyTeX/texmf-dist/fonts/type1/public/lm/lmr8.pfb></Users/alfred/Library/
TinyTeX/texmf-dist/fonts/type1/public/lm/lmri10.pfb></Users/alfred/Library/Tiny
TeX/texmf-dist/fonts/type1/public/lm/lmro10.pfb></Users/alfred/Library/TinyTeX/
texmf-dist/fonts/type1/public/lm/lmsy10.pfb></Users/alfred/Library/TinyTeX/texm
f-dist/fonts/type1/public/lm/lmsy6.pfb></Users/alfred/Library/TinyTeX/texmf-dis
t/fonts/type1/public/lm/lmsy8.pfb></Users/alfred/Library/TinyTeX/texmf-dist/fon
ts/type1/public/lm/lmtt10.pfb></Users/alfred/Library/TinyTeX/texmf-dist/fonts/t
ype1/public/lm/lmtto10.pfb></Users/alfred/Library/TinyTeX/texmf-dist/fonts/type
1/public/amsfonts/symbols/msbm10.pfb></Users/alfred/Library/TinyTeX/texmf-dist/
fonts/type1/urw/zapfchan/uzcmi8a.pfb>
Output written on article_bigsimr.pdf (44 pages, 2733106 bytes).
PDF statistics:
 830 PDF objects out of 1000 (max. 8388607)
 738 compressed objects within 8 object streams
 214 named destinations out of 1000 (max. 500000)
 270 words of extra memory for PDF output out of 10000 (max. 10000000)

